[33mWARNING[0m:  [14-11-2025 14:33:14] chroma_server_nofile is not supported on Windows. chroma_server_nofile will not be set.
[32mINFO[0m:     [14-11-2025 14:33:14] Anonymized telemetry enabled. See                     https://docs.trychroma.com/telemetry for more information.
[36mDEBUG[0m:    [14-11-2025 14:33:14] Starting component System
[36mDEBUG[0m:    [14-11-2025 14:33:14] Starting component OpenTelemetryClient
[36mDEBUG[0m:    [14-11-2025 14:33:14] Starting component SqliteDB
[36mDEBUG[0m:    [14-11-2025 14:33:14] Starting component SimpleQuotaEnforcer
[36mDEBUG[0m:    [14-11-2025 14:33:14] Starting component Posthog
[36mDEBUG[0m:    [14-11-2025 14:33:14] Starting component SimpleRateLimitEnforcer
[36mDEBUG[0m:    [14-11-2025 14:33:14] Starting component LocalSegmentManager
[36mDEBUG[0m:    [14-11-2025 14:33:14] Starting component LocalExecutor
[36mDEBUG[0m:    [14-11-2025 14:33:14] Starting component SegmentAPI
[32mINFO[0m:     [14-11-2025 14:33:14] Started server process [[36m32868[0m]
[32mINFO[0m:     [14-11-2025 14:33:14] Waiting for application startup.
[32mINFO[0m:     [14-11-2025 14:33:14] Application startup complete.
[31mERROR[0m:    [14-11-2025 14:33:14] [Errno 10048] error while attempting to bind on address ('127.0.0.1', 8000): [winerror 10048] only one usage of each socket address (protocol/network address/port) is normally permitted
[32mINFO[0m:     [14-11-2025 14:33:14] Waiting for application shutdown.
[36mDEBUG[0m:    [14-11-2025 14:33:14] Stopping component System
[36mDEBUG[0m:    [14-11-2025 14:33:14] Stopping component SegmentAPI
[36mDEBUG[0m:    [14-11-2025 14:33:14] Stopping component LocalExecutor
[36mDEBUG[0m:    [14-11-2025 14:33:14] Stopping component LocalSegmentManager
[36mDEBUG[0m:    [14-11-2025 14:33:14] Stopping component SimpleRateLimitEnforcer
[36mDEBUG[0m:    [14-11-2025 14:33:14] Stopping component Posthog
[36mDEBUG[0m:    [14-11-2025 14:33:14] Stopping component SimpleQuotaEnforcer
[36mDEBUG[0m:    [14-11-2025 14:33:14] Stopping component SqliteDB
[36mDEBUG[0m:    [14-11-2025 14:33:14] Stopping component OpenTelemetryClient
[32mINFO[0m:     [14-11-2025 14:33:14] Application shutdown complete.
[33mWARNING[0m:  [14-11-2025 14:33:45] chroma_server_nofile is not supported on Windows. chroma_server_nofile will not be set.
[32mINFO[0m:     [14-11-2025 14:33:46] Anonymized telemetry enabled. See                     https://docs.trychroma.com/telemetry for more information.
[36mDEBUG[0m:    [14-11-2025 14:33:46] Starting component System
[36mDEBUG[0m:    [14-11-2025 14:33:46] Starting component OpenTelemetryClient
[36mDEBUG[0m:    [14-11-2025 14:33:46] Starting component SqliteDB
[36mDEBUG[0m:    [14-11-2025 14:33:46] Starting component SimpleQuotaEnforcer
[36mDEBUG[0m:    [14-11-2025 14:33:46] Starting component Posthog
[36mDEBUG[0m:    [14-11-2025 14:33:46] Starting component SimpleRateLimitEnforcer
[36mDEBUG[0m:    [14-11-2025 14:33:46] Starting component LocalSegmentManager
[36mDEBUG[0m:    [14-11-2025 14:33:46] Starting component LocalExecutor
[36mDEBUG[0m:    [14-11-2025 14:33:46] Starting component SegmentAPI
[32mINFO[0m:     [14-11-2025 14:33:46] Started server process [[36m2700[0m]
[32mINFO[0m:     [14-11-2025 14:33:46] Waiting for application startup.
[32mINFO[0m:     [14-11-2025 14:33:46] Application startup complete.
[31mERROR[0m:    [14-11-2025 14:33:46] [Errno 10048] error while attempting to bind on address ('::1', 8000, 0, 0): [winerror 10048] only one usage of each socket address (protocol/network address/port) is normally permitted
[32mINFO[0m:     [14-11-2025 14:33:46] Waiting for application shutdown.
[36mDEBUG[0m:    [14-11-2025 14:33:46] Stopping component System
[36mDEBUG[0m:    [14-11-2025 14:33:46] Stopping component SegmentAPI
[36mDEBUG[0m:    [14-11-2025 14:33:46] Stopping component LocalExecutor
[36mDEBUG[0m:    [14-11-2025 14:33:46] Stopping component LocalSegmentManager
[36mDEBUG[0m:    [14-11-2025 14:33:46] Stopping component SimpleRateLimitEnforcer
[36mDEBUG[0m:    [14-11-2025 14:33:46] Stopping component Posthog
[36mDEBUG[0m:    [14-11-2025 14:33:46] Stopping component SimpleQuotaEnforcer
[36mDEBUG[0m:    [14-11-2025 14:33:46] Stopping component SqliteDB
[36mDEBUG[0m:    [14-11-2025 14:33:46] Stopping component OpenTelemetryClient
[32mINFO[0m:     [14-11-2025 14:33:46] Application shutdown complete.
